1622173257.940817 client started (48301): version 3.1c, socket /private/tmp/tmux-501/default, protocol 8
1622173257.940876 on Darwin 19.6.0 Darwin Kernel Version 19.6.0: Mon Apr 12 20:57:45 PDT 2021; root:xnu-6153.141.28.1~1/RELEASE_X86_64; libevent 2.1.12-stable (select)
1622173257.940929 socket is /private/tmp/tmux-501/default
1622173257.940952 trying connect
1622173257.941043 add peer 0x7f8b19531000: 6 (0x0)
1622173257.942654 sending message 100 to peer 0x7f8b19531000 (4 bytes)
1622173257.942683 sending message 101 to peer 0x7f8b19531000 (16 bytes)
1622173257.942694 sending message 102 to peer 0x7f8b19531000 (13 bytes)
1622173257.942703 sending message 108 to peer 0x7f8b19531000 (61 bytes)
1622173257.942720 sending message 104 to peer 0x7f8b19531000 (0 bytes)
1622173257.942729 sending message 107 to peer 0x7f8b19531000 (4 bytes)
1622173257.942737 sending message 105 to peer 0x7f8b19531000 (82 bytes)
1622173257.942745 sending message 105 to peer 0x7f8b19531000 (20 bytes)
1622173257.942753 sending message 105 to peer 0x7f8b19531000 (75 bytes)
1622173257.942761 sending message 105 to peer 0x7f8b19531000 (17 bytes)
1622173257.942769 sending message 105 to peer 0x7f8b19531000 (13 bytes)
1622173257.942777 sending message 105 to peer 0x7f8b19531000 (77 bytes)
1622173257.942785 sending message 105 to peer 0x7f8b19531000 (492 bytes)
1622173257.942793 sending message 105 to peer 0x7f8b19531000 (65 bytes)
1622173257.942801 sending message 105 to peer 0x7f8b19531000 (15 bytes)
1622173257.942809 sending message 105 to peer 0x7f8b19531000 (8 bytes)
1622173257.942817 sending message 105 to peer 0x7f8b19531000 (66 bytes)
1622173257.942825 sending message 105 to peer 0x7f8b19531000 (21 bytes)
1622173257.942833 sending message 105 to peer 0x7f8b19531000 (57 bytes)
1622173257.942841 sending message 105 to peer 0x7f8b19531000 (42 bytes)
1622173257.942849 sending message 105 to peer 0x7f8b19531000 (13 bytes)
1622173257.942857 sending message 105 to peer 0x7f8b19531000 (52 bytes)
1622173257.942865 sending message 105 to peer 0x7f8b19531000 (10 bytes)
1622173257.942873 sending message 105 to peer 0x7f8b19531000 (14 bytes)
1622173257.942880 sending message 105 to peer 0x7f8b19531000 (19 bytes)
1622173257.942888 sending message 105 to peer 0x7f8b19531000 (38 bytes)
1622173257.942896 sending message 105 to peer 0x7f8b19531000 (27 bytes)
1622173257.942904 sending message 105 to peer 0x7f8b19531000 (30 bytes)
1622173257.942912 sending message 105 to peer 0x7f8b19531000 (10 bytes)
1622173257.942920 sending message 105 to peer 0x7f8b19531000 (819 bytes)
1622173257.942928 sending message 105 to peer 0x7f8b19531000 (30 bytes)
1622173257.942936 sending message 105 to peer 0x7f8b19531000 (17 bytes)
1622173257.942944 sending message 105 to peer 0x7f8b19531000 (21 bytes)
1622173257.942952 sending message 105 to peer 0x7f8b19531000 (46 bytes)
1622173257.942960 sending message 105 to peer 0x7f8b19531000 (47 bytes)
1622173257.942968 sending message 105 to peer 0x7f8b19531000 (21 bytes)
1622173257.942976 sending message 105 to peer 0x7f8b19531000 (46 bytes)
1622173257.942984 sending message 105 to peer 0x7f8b19531000 (29 bytes)
1622173257.942992 sending message 105 to peer 0x7f8b19531000 (29 bytes)
1622173257.943000 sending message 105 to peer 0x7f8b19531000 (33 bytes)
1622173257.943007 sending message 105 to peer 0x7f8b19531000 (41 bytes)
1622173257.943015 sending message 105 to peer 0x7f8b19531000 (37 bytes)
1622173257.943023 sending message 105 to peer 0x7f8b19531000 (21 bytes)
1622173257.943031 sending message 105 to peer 0x7f8b19531000 (42 bytes)
1622173257.943039 sending message 105 to peer 0x7f8b19531000 (38 bytes)
1622173257.943047 sending message 105 to peer 0x7f8b19531000 (35 bytes)
1622173257.943055 sending message 105 to peer 0x7f8b19531000 (47 bytes)
1622173257.943063 sending message 105 to peer 0x7f8b19531000 (25 bytes)
1622173257.943071 sending message 105 to peer 0x7f8b19531000 (11 bytes)
1622173257.943079 sending message 105 to peer 0x7f8b19531000 (8 bytes)
1622173257.943087 sending message 105 to peer 0x7f8b19531000 (32 bytes)
1622173257.943095 sending message 105 to peer 0x7f8b19531000 (19 bytes)
1622173257.943116 sending message 105 to peer 0x7f8b19531000 (17 bytes)
1622173257.943122 sending message 105 to peer 0x7f8b19531000 (16 bytes)
1622173257.943127 sending message 105 to peer 0x7f8b19531000 (43 bytes)
1622173257.943132 sending message 105 to peer 0x7f8b19531000 (7 bytes)
1622173257.943137 sending message 105 to peer 0x7f8b19531000 (11 bytes)
1622173257.943142 sending message 105 to peer 0x7f8b19531000 (51 bytes)
1622173257.943147 sending message 105 to peer 0x7f8b19531000 (14 bytes)
1622173257.943152 sending message 105 to peer 0x7f8b19531000 (36 bytes)
1622173257.943157 sending message 105 to peer 0x7f8b19531000 (23 bytes)
1622173257.943162 sending message 105 to peer 0x7f8b19531000 (30 bytes)
1622173257.943168 sending message 105 to peer 0x7f8b19531000 (22 bytes)
1622173257.943173 sending message 106 to peer 0x7f8b19531000 (0 bytes)
1622173257.943181 sending message 200 to peer 0x7f8b19531000 (4 bytes)
1622173257.943187 client loop enter
1622173257.943467 peer 0x7f8b19531000 message 303
1622173257.943485 open write file 2 -
1622173257.943512 sending message 305 to peer 0x7f8b19531000 (8 bytes)
1622173257.943586 peer 0x7f8b19531000 message 304
1622173257.943595 write 58 to file 2
1622173257.943614 peer 0x7f8b19531000 message 203
1622173257.943621 file 2 58 bytes left
1622173257.943653 client loop exit
